2025-04-27 00:33:12,842 - WARNING -  * Debugger is active!
2025-04-27 00:33:12,845 - INFO -  * Debugger PIN: 548-668-719
2025-04-27 00:33:13,818 - INFO - 127.0.0.1 - - [27/Apr/2025 00:33:13] "GET / HTTP/1.1" 200 -
2025-04-27 00:33:13,918 - INFO - 127.0.0.1 - - [27/Apr/2025 00:33:13] "[36mGET /static/js/script.js HTTP/1.1[0m" 304 -
2025-04-27 00:33:13,920 - INFO - 127.0.0.1 - - [27/Apr/2025 00:33:13] "[36mGET /static/css/style.css HTTP/1.1[0m" 304 -
2025-04-27 00:33:14,936 - INFO - 127.0.0.1 - - [27/Apr/2025 00:33:14] "GET / HTTP/1.1" 200 -
2025-04-27 00:33:14,956 - INFO - 127.0.0.1 - - [27/Apr/2025 00:33:14] "[36mGET /static/css/style.css HTTP/1.1[0m" 304 -
2025-04-27 00:33:14,957 - INFO - 127.0.0.1 - - [27/Apr/2025 00:33:14] "[36mGET /static/js/script.js HTTP/1.1[0m" 304 -
2025-04-27 00:33:25,287 - ERROR - Failed to analyze audio file static\Uploads\New_recording_4.m4a: 
Traceback (most recent call last):
  File "C:\Users\Errol Jay Batay-an\Desktop\Coding System Projects\Harmony Recommendation System\.venv\Lib\site-packages\librosa\core\audio.py", line 176, in load
    y, sr_native = __soundfile_load(path, offset, duration, dtype)
                   ^^^^^^^^^^^^^^^^^^^^^^^^^^^^^^^^^^^^^^^^^^^^^^^
  File "C:\Users\Errol Jay Batay-an\Desktop\Coding System Projects\Harmony Recommendation System\.venv\Lib\site-packages\librosa\core\audio.py", line 209, in __soundfile_load
    context = sf.SoundFile(path)
              ^^^^^^^^^^^^^^^^^^
  File "C:\Users\Errol Jay Batay-an\Desktop\Coding System Projects\Harmony Recommendation System\.venv\Lib\site-packages\soundfile.py", line 690, in __init__
    self._file = self._open(file, mode_int, closefd)
                 ^^^^^^^^^^^^^^^^^^^^^^^^^^^^^^^^^^^
  File "C:\Users\Errol Jay Batay-an\Desktop\Coding System Projects\Harmony Recommendation System\.venv\Lib\site-packages\soundfile.py", line 1265, in _open
    raise LibsndfileError(err, prefix="Error opening {0!r}: ".format(self.name))
soundfile.LibsndfileError: Error opening 'static\\Uploads\\New_recording_4.m4a': Format not recognised.

During handling of the above exception, another exception occurred:

Traceback (most recent call last):
  File "C:\Users\Errol Jay Batay-an\Desktop\Coding System Projects\Harmony Recommendation System\utils\audio_analysis.py", line 19, in analyze_tones
    y, sr = librosa.load(file_path, mono=True)
            ^^^^^^^^^^^^^^^^^^^^^^^^^^^^^^^^^^
  File "C:\Users\Errol Jay Batay-an\Desktop\Coding System Projects\Harmony Recommendation System\.venv\Lib\site-packages\librosa\core\audio.py", line 184, in load
    y, sr_native = __audioread_load(path, offset, duration, dtype)
                   ^^^^^^^^^^^^^^^^^^^^^^^^^^^^^^^^^^^^^^^^^^^^^^^
  File "C:\Users\Errol Jay Batay-an\Desktop\Coding System Projects\Harmony Recommendation System\.venv\Lib\site-packages\decorator.py", line 235, in fun
    return caller(func, *(extras + args), **kw)
           ^^^^^^^^^^^^^^^^^^^^^^^^^^^^^^^^^^^^
  File "C:\Users\Errol Jay Batay-an\Desktop\Coding System Projects\Harmony Recommendation System\.venv\Lib\site-packages\librosa\util\decorators.py", line 63, in __wrapper
    return func(*args, **kwargs)
           ^^^^^^^^^^^^^^^^^^^^^
  File "C:\Users\Errol Jay Batay-an\Desktop\Coding System Projects\Harmony Recommendation System\.venv\Lib\site-packages\librosa\core\audio.py", line 240, in __audioread_load
    reader = audioread.audio_open(path)
             ^^^^^^^^^^^^^^^^^^^^^^^^^^
  File "C:\Users\Errol Jay Batay-an\Desktop\Coding System Projects\Harmony Recommendation System\.venv\Lib\site-packages\audioread\__init__.py", line 132, in audio_open
    raise NoBackendError()
audioread.exceptions.NoBackendError

2025-04-27 00:33:25,292 - INFO - 127.0.0.1 - - [27/Apr/2025 00:33:25] "[35m[1mPOST /recommend HTTP/1.1[0m" 500 -
2025-04-27 00:35:28,854 - INFO -  * Detected change in 'C:\\Users\\Errol Jay Batay-an\\Desktop\\Coding System Projects\\Harmony Recommendation System\\utils\\audio_analysis.py', reloading
2025-04-27 00:35:30,317 - WARNING -  * Debugger is active!
2025-04-27 00:35:30,323 - INFO -  * Debugger PIN: 548-668-719
2025-04-27 00:35:35,377 - INFO - 127.0.0.1 - - [27/Apr/2025 00:35:35] "GET / HTTP/1.1" 200 -
2025-04-27 00:35:35,522 - INFO - 127.0.0.1 - - [27/Apr/2025 00:35:35] "[36mGET /static/css/style.css HTTP/1.1[0m" 304 -
2025-04-27 00:35:35,523 - INFO - 127.0.0.1 - - [27/Apr/2025 00:35:35] "[36mGET /static/js/script.js HTTP/1.1[0m" 304 -
2025-04-27 00:35:36,179 - INFO - 127.0.0.1 - - [27/Apr/2025 00:35:36] "GET / HTTP/1.1" 200 -
2025-04-27 00:35:36,203 - INFO - 127.0.0.1 - - [27/Apr/2025 00:35:36] "[36mGET /static/css/style.css HTTP/1.1[0m" 304 -
2025-04-27 00:35:36,204 - INFO - 127.0.0.1 - - [27/Apr/2025 00:35:36] "[36mGET /static/js/script.js HTTP/1.1[0m" 304 -
2025-04-27 00:35:36,895 - INFO - 127.0.0.1 - - [27/Apr/2025 00:35:36] "GET / HTTP/1.1" 200 -
2025-04-27 00:35:36,913 - INFO - 127.0.0.1 - - [27/Apr/2025 00:35:36] "[36mGET /static/css/style.css HTTP/1.1[0m" 304 -
2025-04-27 00:35:36,914 - INFO - 127.0.0.1 - - [27/Apr/2025 00:35:36] "[36mGET /static/js/script.js HTTP/1.1[0m" 304 -
2025-04-27 00:35:42,014 - INFO - 127.0.0.1 - - [27/Apr/2025 00:35:42] "GET / HTTP/1.1" 200 -
2025-04-27 00:35:42,034 - INFO - 127.0.0.1 - - [27/Apr/2025 00:35:42] "[36mGET /static/css/style.css HTTP/1.1[0m" 304 -
2025-04-27 00:35:42,035 - INFO - 127.0.0.1 - - [27/Apr/2025 00:35:42] "[36mGET /static/js/script.js HTTP/1.1[0m" 304 -
2025-04-27 00:35:48,646 - ERROR - FFmpeg not found. Please install ffmpeg and ensure it's in your PATH.
2025-04-27 00:35:48,649 - ERROR - Failed to analyze audio file static\Uploads\New_recording_4.m4a: FFmpeg not found. Please install ffmpeg and ensure it's in your PATH.
Traceback (most recent call last):
  File "C:\Users\Errol Jay Batay-an\Desktop\Coding System Projects\Harmony Recommendation System\utils\audio_analysis.py", line 26, in convert_to_wav
    result = subprocess.run(
             ^^^^^^^^^^^^^^^
  File "C:\Users\Errol Jay Batay-an\AppData\Local\Programs\Python\Python312\Lib\subprocess.py", line 550, in run
    with Popen(*popenargs, **kwargs) as process:
         ^^^^^^^^^^^^^^^^^^^^^^^^^^^
  File "C:\Users\Errol Jay Batay-an\AppData\Local\Programs\Python\Python312\Lib\subprocess.py", line 1028, in __init__
    self._execute_child(args, executable, preexec_fn, close_fds,
  File "C:\Users\Errol Jay Batay-an\AppData\Local\Programs\Python\Python312\Lib\subprocess.py", line 1540, in _execute_child
    hp, ht, pid, tid = _winapi.CreateProcess(executable, args,
                       ^^^^^^^^^^^^^^^^^^^^^^^^^^^^^^^^^^^^^^^
FileNotFoundError: [WinError 2] The system cannot find the file specified

During handling of the above exception, another exception occurred:

Traceback (most recent call last):
  File "C:\Users\Errol Jay Batay-an\Desktop\Coding System Projects\Harmony Recommendation System\utils\audio_analysis.py", line 51, in analyze_tones
    temp_wav = convert_to_wav(file_path)
               ^^^^^^^^^^^^^^^^^^^^^^^^^
  File "C:\Users\Errol Jay Batay-an\Desktop\Coding System Projects\Harmony Recommendation System\utils\audio_analysis.py", line 45, in convert_to_wav
    raise ValueError(error_msg)
ValueError: FFmpeg not found. Please install ffmpeg and ensure it's in your PATH.

2025-04-27 00:35:48,651 - INFO - 127.0.0.1 - - [27/Apr/2025 00:35:48] "[35m[1mPOST /recommend HTTP/1.1[0m" 500 -
2025-05-04 01:47:58,861 - INFO - [31m[1mWARNING: This is a development server. Do not use it in a production deployment. Use a production WSGI server instead.[0m
 * Running on http://127.0.0.1:5000
2025-05-04 01:47:58,862 - INFO - [33mPress CTRL+C to quit[0m
2025-05-04 01:47:58,865 - INFO -  * Restarting with stat
2025-05-04 01:47:59,848 - WARNING -  * Debugger is active!
2025-05-04 01:47:59,852 - INFO -  * Debugger PIN: 548-668-719
2025-05-04 01:48:03,057 - INFO - 127.0.0.1 - - [04/May/2025 01:48:03] "GET / HTTP/1.1" 200 -
2025-05-04 01:48:03,207 - INFO - 127.0.0.1 - - [04/May/2025 01:48:03] "[36mGET /static/css/style.css HTTP/1.1[0m" 304 -
2025-05-04 01:48:03,228 - INFO - 127.0.0.1 - - [04/May/2025 01:48:03] "[36mGET /static/js/script.js HTTP/1.1[0m" 304 -
2025-05-04 01:48:04,040 - INFO - 127.0.0.1 - - [04/May/2025 01:48:04] "[33mGET /favicon.ico HTTP/1.1[0m" 404 -
2025-05-06 14:00:22,305 - INFO - [31m[1mWARNING: This is a development server. Do not use it in a production deployment. Use a production WSGI server instead.[0m
 * Running on http://127.0.0.1:5000
2025-05-06 14:00:22,306 - INFO - [33mPress CTRL+C to quit[0m
2025-05-06 14:00:22,308 - INFO -  * Restarting with stat
2025-05-06 14:00:22,951 - WARNING -  * Debugger is active!
2025-05-06 14:00:22,955 - INFO -  * Debugger PIN: 117-269-380
2025-05-06 14:00:25,843 - INFO - 127.0.0.1 - - [06/May/2025 14:00:25] "GET / HTTP/1.1" 200 -
2025-05-06 14:00:26,643 - INFO - 127.0.0.1 - - [06/May/2025 14:00:26] "[36mGET /static/js/script.js HTTP/1.1[0m" 304 -
2025-05-06 14:00:26,654 - INFO - 127.0.0.1 - - [06/May/2025 14:00:26] "[36mGET /static/css/style.css HTTP/1.1[0m" 304 -
2025-05-06 14:00:27,145 - INFO - 127.0.0.1 - - [06/May/2025 14:00:27] "[33mGET /favicon.ico HTTP/1.1[0m" 404 -
2025-05-06 14:00:40,421 - ERROR - FFmpeg not found. Please install ffmpeg and ensure it's in your PATH.
2025-05-06 14:00:40,423 - ERROR - Failed to analyze audio file static\Uploads\New_recording_4.m4a: FFmpeg not found. Please install ffmpeg and ensure it's in your PATH.
Traceback (most recent call last):
  File "C:\Users\Errol Jay Batay-an\Desktop\Coding System Projects\Harmony Recommendation System\utils\audio_analysis.py", line 26, in convert_to_wav
    result = subprocess.run(
             ^^^^^^^^^^^^^^^
  File "C:\Users\Errol Jay Batay-an\AppData\Local\Programs\Python\Python312\Lib\subprocess.py", line 550, in run
    with Popen(*popenargs, **kwargs) as process:
         ^^^^^^^^^^^^^^^^^^^^^^^^^^^
  File "C:\Users\Errol Jay Batay-an\AppData\Local\Programs\Python\Python312\Lib\subprocess.py", line 1028, in __init__
    self._execute_child(args, executable, preexec_fn, close_fds,
  File "C:\Users\Errol Jay Batay-an\AppData\Local\Programs\Python\Python312\Lib\subprocess.py", line 1540, in _execute_child
    hp, ht, pid, tid = _winapi.CreateProcess(executable, args,
                       ^^^^^^^^^^^^^^^^^^^^^^^^^^^^^^^^^^^^^^^
FileNotFoundError: [WinError 2] The system cannot find the file specified

During handling of the above exception, another exception occurred:

Traceback (most recent call last):
  File "C:\Users\Errol Jay Batay-an\Desktop\Coding System Projects\Harmony Recommendation System\utils\audio_analysis.py", line 51, in analyze_tones
    temp_wav = convert_to_wav(file_path)
               ^^^^^^^^^^^^^^^^^^^^^^^^^
  File "C:\Users\Errol Jay Batay-an\Desktop\Coding System Projects\Harmony Recommendation System\utils\audio_analysis.py", line 45, in convert_to_wav
    raise ValueError(error_msg)
ValueError: FFmpeg not found. Please install ffmpeg and ensure it's in your PATH.

2025-05-06 14:00:40,425 - INFO - 127.0.0.1 - - [06/May/2025 14:00:40] "[35m[1mPOST /recommend HTTP/1.1[0m" 500 -
2025-05-06 14:10:24,862 - INFO -  * Detected change in 'C:\\Users\\Errol Jay Batay-an\\Desktop\\Coding System Projects\\Harmony Recommendation System\\utils\\audio_analysis.py', reloading
2025-05-06 14:10:24,931 - INFO -  * Restarting with stat
2025-05-06 14:10:40,279 - INFO - [31m[1mWARNING: This is a development server. Do not use it in a production deployment. Use a production WSGI server instead.[0m
 * Running on http://127.0.0.1:5000
2025-05-06 14:10:40,279 - INFO - [33mPress CTRL+C to quit[0m
2025-05-06 14:10:40,281 - INFO -  * Restarting with stat
2025-05-06 14:10:40,997 - WARNING -  * Debugger is active!
2025-05-06 14:10:41,000 - INFO -  * Debugger PIN: 117-269-380
2025-05-06 14:10:42,826 - INFO - 127.0.0.1 - - [06/May/2025 14:10:42] "GET / HTTP/1.1" 200 -
2025-05-06 14:10:42,892 - INFO - 127.0.0.1 - - [06/May/2025 14:10:42] "[36mGET /static/css/style.css HTTP/1.1[0m" 304 -
2025-05-06 14:10:42,892 - INFO - 127.0.0.1 - - [06/May/2025 14:10:42] "[36mGET /static/js/script.js HTTP/1.1[0m" 304 -
2025-05-06 14:10:49,561 - ERROR - Failed to analyze audio file static\Uploads\New_recording_4.m4a: Unsupported file format. Only WAV and MP3 are supported.
Traceback (most recent call last):
  File "C:\Users\Errol Jay Batay-an\Desktop\Coding System Projects\Harmony Recommendation System\utils\audio_analysis.py", line 20, in analyze_tones
    raise ValueError("Unsupported file format. Only WAV and MP3 are supported.")
ValueError: Unsupported file format. Only WAV and MP3 are supported.

2025-05-06 14:10:49,561 - INFO - 127.0.0.1 - - [06/May/2025 14:10:49] "[35m[1mPOST /recommend HTTP/1.1[0m" 500 -
2025-05-06 14:12:41,741 - INFO -  * Detected change in 'C:\\Users\\Errol Jay Batay-an\\Desktop\\Coding System Projects\\Harmony Recommendation System\\utils\\audio_analysis.py', reloading
2025-05-06 14:12:41,802 - INFO -  * Restarting with stat
2025-05-06 14:12:42,539 - WARNING -  * Debugger is active!
2025-05-06 14:12:42,541 - INFO -  * Debugger PIN: 117-269-380
2025-05-06 14:12:45,551 - INFO - 127.0.0.1 - - [06/May/2025 14:12:45] "GET / HTTP/1.1" 200 -
2025-05-06 14:12:45,615 - INFO - 127.0.0.1 - - [06/May/2025 14:12:45] "[36mGET /static/css/style.css HTTP/1.1[0m" 304 -
2025-05-06 14:12:45,622 - INFO - 127.0.0.1 - - [06/May/2025 14:12:45] "[36mGET /static/js/script.js HTTP/1.1[0m" 304 -
2025-05-06 14:12:58,735 - ERROR - Failed to analyze audio file static\Uploads\New_recording_4.m4a: 
Traceback (most recent call last):
  File "C:\Users\Errol Jay Batay-an\Desktop\Coding System Projects\Harmony Recommendation System\.venv\Lib\site-packages\librosa\core\audio.py", line 176, in load
    y, sr_native = __soundfile_load(path, offset, duration, dtype)
                   ^^^^^^^^^^^^^^^^^^^^^^^^^^^^^^^^^^^^^^^^^^^^^^^
  File "C:\Users\Errol Jay Batay-an\Desktop\Coding System Projects\Harmony Recommendation System\.venv\Lib\site-packages\librosa\core\audio.py", line 209, in __soundfile_load
    context = sf.SoundFile(path)
              ^^^^^^^^^^^^^^^^^^
  File "C:\Users\Errol Jay Batay-an\Desktop\Coding System Projects\Harmony Recommendation System\.venv\Lib\site-packages\soundfile.py", line 690, in __init__
    self._file = self._open(file, mode_int, closefd)
                 ^^^^^^^^^^^^^^^^^^^^^^^^^^^^^^^^^^^
  File "C:\Users\Errol Jay Batay-an\Desktop\Coding System Projects\Harmony Recommendation System\.venv\Lib\site-packages\soundfile.py", line 1265, in _open
    raise LibsndfileError(err, prefix="Error opening {0!r}: ".format(self.name))
soundfile.LibsndfileError: Error opening 'static\\Uploads\\New_recording_4.m4a': Format not recognised.

During handling of the above exception, another exception occurred:

Traceback (most recent call last):
  File "C:\Users\Errol Jay Batay-an\Desktop\Coding System Projects\Harmony Recommendation System\utils\audio_analysis.py", line 23, in analyze_tones
    y, sr = librosa.load(file_path, mono=True)
            ^^^^^^^^^^^^^^^^^^^^^^^^^^^^^^^^^^
  File "C:\Users\Errol Jay Batay-an\Desktop\Coding System Projects\Harmony Recommendation System\.venv\Lib\site-packages\librosa\core\audio.py", line 184, in load
    y, sr_native = __audioread_load(path, offset, duration, dtype)
                   ^^^^^^^^^^^^^^^^^^^^^^^^^^^^^^^^^^^^^^^^^^^^^^^
  File "C:\Users\Errol Jay Batay-an\Desktop\Coding System Projects\Harmony Recommendation System\.venv\Lib\site-packages\decorator.py", line 235, in fun
    return caller(func, *(extras + args), **kw)
           ^^^^^^^^^^^^^^^^^^^^^^^^^^^^^^^^^^^^
  File "C:\Users\Errol Jay Batay-an\Desktop\Coding System Projects\Harmony Recommendation System\.venv\Lib\site-packages\librosa\util\decorators.py", line 63, in __wrapper
    return func(*args, **kwargs)
           ^^^^^^^^^^^^^^^^^^^^^
  File "C:\Users\Errol Jay Batay-an\Desktop\Coding System Projects\Harmony Recommendation System\.venv\Lib\site-packages\librosa\core\audio.py", line 240, in __audioread_load
    reader = audioread.audio_open(path)
             ^^^^^^^^^^^^^^^^^^^^^^^^^^
  File "C:\Users\Errol Jay Batay-an\Desktop\Coding System Projects\Harmony Recommendation System\.venv\Lib\site-packages\audioread\__init__.py", line 132, in audio_open
    raise NoBackendError()
audioread.exceptions.NoBackendError

2025-05-06 14:12:58,738 - INFO - 127.0.0.1 - - [06/May/2025 14:12:58] "[35m[1mPOST /recommend HTTP/1.1[0m" 500 -
2025-05-06 14:15:19,789 - INFO -  * Detected change in 'C:\\Users\\Errol Jay Batay-an\\Desktop\\Coding System Projects\\Harmony Recommendation System\\utils\\audio_analysis.py', reloading
2025-05-06 14:15:20,094 - INFO -  * Restarting with stat
2025-05-06 14:15:20,914 - WARNING -  * Debugger is active!
2025-05-06 14:15:20,916 - INFO -  * Debugger PIN: 117-269-380
2025-05-06 14:15:21,644 - INFO - 127.0.0.1 - - [06/May/2025 14:15:21] "GET / HTTP/1.1" 200 -
2025-05-06 14:15:21,708 - INFO - 127.0.0.1 - - [06/May/2025 14:15:21] "[36mGET /static/css/style.css HTTP/1.1[0m" 304 -
2025-05-06 14:15:21,714 - INFO - 127.0.0.1 - - [06/May/2025 14:15:21] "[36mGET /static/js/script.js HTTP/1.1[0m" 304 -
2025-05-06 14:15:28,479 - INFO - Attempting to load audio file: static\Uploads\New_recording_4.m4a
2025-05-06 14:15:30,527 - ERROR - Failed to load static\Uploads\New_recording_4.m4a: No audio backend available for M4A. Ensure ffmpeg is installed and accessible, or convert the file to WAV/MP3.
2025-05-06 14:15:30,533 - ERROR - Failed to analyze audio file static\Uploads\New_recording_4.m4a: Failed to load static\Uploads\New_recording_4.m4a: No audio backend available for M4A. Ensure ffmpeg is installed and accessible, or convert the file to WAV/MP3.
Traceback (most recent call last):
  File "C:\Users\Errol Jay Batay-an\Desktop\Coding System Projects\Harmony Recommendation System\.venv\Lib\site-packages\librosa\core\audio.py", line 176, in load
    y, sr_native = __soundfile_load(path, offset, duration, dtype)
                   ^^^^^^^^^^^^^^^^^^^^^^^^^^^^^^^^^^^^^^^^^^^^^^^
  File "C:\Users\Errol Jay Batay-an\Desktop\Coding System Projects\Harmony Recommendation System\.venv\Lib\site-packages\librosa\core\audio.py", line 209, in __soundfile_load
    context = sf.SoundFile(path)
              ^^^^^^^^^^^^^^^^^^
  File "C:\Users\Errol Jay Batay-an\Desktop\Coding System Projects\Harmony Recommendation System\.venv\Lib\site-packages\soundfile.py", line 690, in __init__
    self._file = self._open(file, mode_int, closefd)
                 ^^^^^^^^^^^^^^^^^^^^^^^^^^^^^^^^^^^
  File "C:\Users\Errol Jay Batay-an\Desktop\Coding System Projects\Harmony Recommendation System\.venv\Lib\site-packages\soundfile.py", line 1265, in _open
    raise LibsndfileError(err, prefix="Error opening {0!r}: ".format(self.name))
soundfile.LibsndfileError: Error opening 'static\\Uploads\\New_recording_4.m4a': Format not recognised.

During handling of the above exception, another exception occurred:

Traceback (most recent call last):
  File "C:\Users\Errol Jay Batay-an\Desktop\Coding System Projects\Harmony Recommendation System\utils\audio_analysis.py", line 27, in analyze_tones
    y, sr = librosa.load(file_path, mono=True)
            ^^^^^^^^^^^^^^^^^^^^^^^^^^^^^^^^^^
  File "C:\Users\Errol Jay Batay-an\Desktop\Coding System Projects\Harmony Recommendation System\.venv\Lib\site-packages\librosa\core\audio.py", line 184, in load
    y, sr_native = __audioread_load(path, offset, duration, dtype)
                   ^^^^^^^^^^^^^^^^^^^^^^^^^^^^^^^^^^^^^^^^^^^^^^^
  File "C:\Users\Errol Jay Batay-an\Desktop\Coding System Projects\Harmony Recommendation System\.venv\Lib\site-packages\decorator.py", line 235, in fun
    return caller(func, *(extras + args), **kw)
           ^^^^^^^^^^^^^^^^^^^^^^^^^^^^^^^^^^^^
  File "C:\Users\Errol Jay Batay-an\Desktop\Coding System Projects\Harmony Recommendation System\.venv\Lib\site-packages\librosa\util\decorators.py", line 63, in __wrapper
    return func(*args, **kwargs)
           ^^^^^^^^^^^^^^^^^^^^^
  File "C:\Users\Errol Jay Batay-an\Desktop\Coding System Projects\Harmony Recommendation System\.venv\Lib\site-packages\librosa\core\audio.py", line 240, in __audioread_load
    reader = audioread.audio_open(path)
             ^^^^^^^^^^^^^^^^^^^^^^^^^^
  File "C:\Users\Errol Jay Batay-an\Desktop\Coding System Projects\Harmony Recommendation System\.venv\Lib\site-packages\audioread\__init__.py", line 132, in audio_open
    raise NoBackendError()
audioread.exceptions.NoBackendError

During handling of the above exception, another exception occurred:

Traceback (most recent call last):
  File "C:\Users\Errol Jay Batay-an\Desktop\Coding System Projects\Harmony Recommendation System\utils\audio_analysis.py", line 34, in analyze_tones
    raise ValueError(error_msg)
ValueError: Failed to load static\Uploads\New_recording_4.m4a: No audio backend available for M4A. Ensure ffmpeg is installed and accessible, or convert the file to WAV/MP3.

2025-05-06 14:15:30,536 - INFO - 127.0.0.1 - - [06/May/2025 14:15:30] "[35m[1mPOST /recommend HTTP/1.1[0m" 500 -
2025-05-06 14:15:46,401 - INFO - [31m[1mWARNING: This is a development server. Do not use it in a production deployment. Use a production WSGI server instead.[0m
 * Running on http://127.0.0.1:5000
2025-05-06 14:15:46,401 - INFO - [33mPress CTRL+C to quit[0m
2025-05-06 14:15:46,402 - INFO -  * Restarting with stat
2025-05-06 14:15:47,070 - WARNING -  * Debugger is active!
2025-05-06 14:15:47,072 - INFO -  * Debugger PIN: 117-269-380
2025-05-06 14:15:49,485 - INFO - 127.0.0.1 - - [06/May/2025 14:15:49] "GET / HTTP/1.1" 200 -
2025-05-06 14:15:49,552 - INFO - 127.0.0.1 - - [06/May/2025 14:15:49] "[36mGET /static/css/style.css HTTP/1.1[0m" 304 -
2025-05-06 14:15:49,559 - INFO - 127.0.0.1 - - [06/May/2025 14:15:49] "[36mGET /static/js/script.js HTTP/1.1[0m" 304 -
2025-05-06 14:15:54,874 - INFO - Attempting to load audio file: static\Uploads\New_recording_4.m4a
2025-05-06 14:15:56,997 - ERROR - Failed to load static\Uploads\New_recording_4.m4a: No audio backend available for M4A. Ensure ffmpeg is installed and accessible, or convert the file to WAV/MP3.
2025-05-06 14:15:56,999 - ERROR - Failed to analyze audio file static\Uploads\New_recording_4.m4a: Failed to load static\Uploads\New_recording_4.m4a: No audio backend available for M4A. Ensure ffmpeg is installed and accessible, or convert the file to WAV/MP3.
Traceback (most recent call last):
  File "C:\Users\Errol Jay Batay-an\Desktop\Coding System Projects\Harmony Recommendation System\.venv\Lib\site-packages\librosa\core\audio.py", line 176, in load
    y, sr_native = __soundfile_load(path, offset, duration, dtype)
                   ^^^^^^^^^^^^^^^^^^^^^^^^^^^^^^^^^^^^^^^^^^^^^^^
  File "C:\Users\Errol Jay Batay-an\Desktop\Coding System Projects\Harmony Recommendation System\.venv\Lib\site-packages\librosa\core\audio.py", line 209, in __soundfile_load
    context = sf.SoundFile(path)
              ^^^^^^^^^^^^^^^^^^
  File "C:\Users\Errol Jay Batay-an\Desktop\Coding System Projects\Harmony Recommendation System\.venv\Lib\site-packages\soundfile.py", line 690, in __init__
    self._file = self._open(file, mode_int, closefd)
                 ^^^^^^^^^^^^^^^^^^^^^^^^^^^^^^^^^^^
  File "C:\Users\Errol Jay Batay-an\Desktop\Coding System Projects\Harmony Recommendation System\.venv\Lib\site-packages\soundfile.py", line 1265, in _open
    raise LibsndfileError(err, prefix="Error opening {0!r}: ".format(self.name))
soundfile.LibsndfileError: Error opening 'static\\Uploads\\New_recording_4.m4a': Format not recognised.

During handling of the above exception, another exception occurred:

Traceback (most recent call last):
  File "C:\Users\Errol Jay Batay-an\Desktop\Coding System Projects\Harmony Recommendation System\utils\audio_analysis.py", line 27, in analyze_tones
    y, sr = librosa.load(file_path, mono=True)
            ^^^^^^^^^^^^^^^^^^^^^^^^^^^^^^^^^^
  File "C:\Users\Errol Jay Batay-an\Desktop\Coding System Projects\Harmony Recommendation System\.venv\Lib\site-packages\librosa\core\audio.py", line 184, in load
    y, sr_native = __audioread_load(path, offset, duration, dtype)
                   ^^^^^^^^^^^^^^^^^^^^^^^^^^^^^^^^^^^^^^^^^^^^^^^
  File "C:\Users\Errol Jay Batay-an\Desktop\Coding System Projects\Harmony Recommendation System\.venv\Lib\site-packages\decorator.py", line 235, in fun
    return caller(func, *(extras + args), **kw)
           ^^^^^^^^^^^^^^^^^^^^^^^^^^^^^^^^^^^^
  File "C:\Users\Errol Jay Batay-an\Desktop\Coding System Projects\Harmony Recommendation System\.venv\Lib\site-packages\librosa\util\decorators.py", line 63, in __wrapper
    return func(*args, **kwargs)
           ^^^^^^^^^^^^^^^^^^^^^
  File "C:\Users\Errol Jay Batay-an\Desktop\Coding System Projects\Harmony Recommendation System\.venv\Lib\site-packages\librosa\core\audio.py", line 240, in __audioread_load
    reader = audioread.audio_open(path)
             ^^^^^^^^^^^^^^^^^^^^^^^^^^
  File "C:\Users\Errol Jay Batay-an\Desktop\Coding System Projects\Harmony Recommendation System\.venv\Lib\site-packages\audioread\__init__.py", line 132, in audio_open
    raise NoBackendError()
audioread.exceptions.NoBackendError

During handling of the above exception, another exception occurred:

Traceback (most recent call last):
  File "C:\Users\Errol Jay Batay-an\Desktop\Coding System Projects\Harmony Recommendation System\utils\audio_analysis.py", line 34, in analyze_tones
    raise ValueError(error_msg)
ValueError: Failed to load static\Uploads\New_recording_4.m4a: No audio backend available for M4A. Ensure ffmpeg is installed and accessible, or convert the file to WAV/MP3.

2025-05-06 14:15:57,001 - INFO - 127.0.0.1 - - [06/May/2025 14:15:57] "[35m[1mPOST /recommend HTTP/1.1[0m" 500 -
2025-05-06 14:18:05,244 - INFO -  * Detected change in 'C:\\Users\\Errol Jay Batay-an\\Desktop\\Coding System Projects\\Harmony Recommendation System\\utils\\audio_analysis.py', reloading
2025-05-06 14:18:08,783 - INFO - [31m[1mWARNING: This is a development server. Do not use it in a production deployment. Use a production WSGI server instead.[0m
 * Running on http://127.0.0.1:5000
2025-05-06 14:18:08,783 - INFO - [33mPress CTRL+C to quit[0m
2025-05-06 14:18:08,785 - INFO -  * Restarting with stat
2025-05-06 14:18:09,425 - WARNING -  * Debugger is active!
2025-05-06 14:18:09,428 - INFO -  * Debugger PIN: 117-269-380
2025-05-06 14:18:12,076 - INFO - 127.0.0.1 - - [06/May/2025 14:18:12] "GET / HTTP/1.1" 200 -
2025-05-06 14:18:12,140 - INFO - 127.0.0.1 - - [06/May/2025 14:18:12] "[36mGET /static/js/script.js HTTP/1.1[0m" 304 -
2025-05-06 14:18:12,141 - INFO - 127.0.0.1 - - [06/May/2025 14:18:12] "[36mGET /static/css/style.css HTTP/1.1[0m" 304 -
2025-05-06 14:18:12,823 - INFO - 127.0.0.1 - - [06/May/2025 14:18:12] "GET / HTTP/1.1" 200 -
2025-05-06 14:18:12,837 - INFO - 127.0.0.1 - - [06/May/2025 14:18:12] "[36mGET /static/css/style.css HTTP/1.1[0m" 304 -
2025-05-06 14:18:12,839 - INFO - 127.0.0.1 - - [06/May/2025 14:18:12] "[36mGET /static/js/script.js HTTP/1.1[0m" 304 -
2025-05-06 14:18:17,974 - ERROR - Failed to convert static\Uploads\New_recording_4.m4a to WAV: [WinError 2] The system cannot find the file specified
2025-05-06 14:18:17,977 - ERROR - Failed to analyze audio file static\Uploads\New_recording_4.m4a: Failed to convert static\Uploads\New_recording_4.m4a to WAV: [WinError 2] The system cannot find the file specified
Traceback (most recent call last):
  File "C:\Users\Errol Jay Batay-an\Desktop\Coding System Projects\Harmony Recommendation System\utils\audio_analysis.py", line 26, in convert_m4a_to_wav
    audio = AudioSegment.from_file(input_path, format="m4a")
            ^^^^^^^^^^^^^^^^^^^^^^^^^^^^^^^^^^^^^^^^^^^^^^^^
  File "C:\Users\Errol Jay Batay-an\Desktop\Coding System Projects\Harmony Recommendation System\.venv\Lib\site-packages\pydub\audio_segment.py", line 728, in from_file
    info = mediainfo_json(orig_file, read_ahead_limit=read_ahead_limit)
           ^^^^^^^^^^^^^^^^^^^^^^^^^^^^^^^^^^^^^^^^^^^^^^^^^^^^^^^^^^^^
  File "C:\Users\Errol Jay Batay-an\Desktop\Coding System Projects\Harmony Recommendation System\.venv\Lib\site-packages\pydub\utils.py", line 274, in mediainfo_json
    res = Popen(command, stdin=stdin_parameter, stdout=PIPE, stderr=PIPE)
          ^^^^^^^^^^^^^^^^^^^^^^^^^^^^^^^^^^^^^^^^^^^^^^^^^^^^^^^^^^^^^^^
  File "C:\Users\Errol Jay Batay-an\AppData\Local\Programs\Python\Python312\Lib\subprocess.py", line 1028, in __init__
    self._execute_child(args, executable, preexec_fn, close_fds,
  File "C:\Users\Errol Jay Batay-an\AppData\Local\Programs\Python\Python312\Lib\subprocess.py", line 1540, in _execute_child
    hp, ht, pid, tid = _winapi.CreateProcess(executable, args,
                       ^^^^^^^^^^^^^^^^^^^^^^^^^^^^^^^^^^^^^^^
FileNotFoundError: [WinError 2] The system cannot find the file specified

During handling of the above exception, another exception occurred:

Traceback (most recent call last):
  File "C:\Users\Errol Jay Batay-an\Desktop\Coding System Projects\Harmony Recommendation System\utils\audio_analysis.py", line 53, in analyze_tones
    temp_wav = convert_m4a_to_wav(file_path)
               ^^^^^^^^^^^^^^^^^^^^^^^^^^^^^
  File "C:\Users\Errol Jay Batay-an\Desktop\Coding System Projects\Harmony Recommendation System\utils\audio_analysis.py", line 34, in convert_m4a_to_wav
    raise ValueError(error_msg)
ValueError: Failed to convert static\Uploads\New_recording_4.m4a to WAV: [WinError 2] The system cannot find the file specified

2025-05-06 14:18:17,978 - INFO - 127.0.0.1 - - [06/May/2025 14:18:17] "[35m[1mPOST /recommend HTTP/1.1[0m" 500 -
2025-05-06 14:45:57,135 - INFO -  * Detected change in 'C:\\Users\\Errol Jay Batay-an\\Desktop\\Coding System Projects\\Harmony Recommendation System\\app.py', reloading
2025-05-06 14:45:57,255 - INFO -  * Restarting with stat
